<?xml version="1.0" encoding="UTF-8"?>
<!-- Generated by org.testng.reporters.JUnitXMLReporter -->
<testsuite ignored="0" hostname="Vihaan" failures="1" tests="1" name="naukrittest" time="11.165" errors="0" timestamp="2024-09-29T06:41:36 IST">
  <testcase classname="testCases.TC001_UpdateProfile" name="verify_profile_update" time="5.014">
    <failure type="java.lang.AssertionError" message="null">
      <![CDATA[java.lang.AssertionError: null
at testCases.TC001_UpdateProfile.verify_profile_update(TC001_UpdateProfile.java:56)
at java.base/java.util.ArrayList.forEach(ArrayList.java:1597)
... Removed 27 stack frames]]>
    </failure>
  </testcase> <!-- verify_profile_update -->
</testsuite> <!-- naukrittest -->
